# JRE version: OpenJDK Runtime Environment (11.0.10) (build 11.0.10+0-b96-7249189)
# Java VM: OpenJDK 64-Bit Server VM (11.0.10+0-b96-7249189, mixed mode, tiered, compressed oops, g1 gc, windows-amd64)
Heap:
 garbage-first heap   total 206848K, used 109104K [0x0000000080000000, 0x0000000100000000)
  region size 1024K, 23 young (23552K), 6 survivors (6144K)
 Metaspace       used 78634K, capacity 80612K, committed 80816K, reserved 1120256K
  class space    used 10009K, capacity 10672K, committed 10752K, reserved 1048576K
GC Heap History (20 events):
Event: 44.687 GC heap before
{Heap before GC invocations=63 (full 0):
 garbage-first heap   total 118784K, used 85954K [0x0000000080000000, 0x0000000100000000)
  region size 1024K, 17 young (17408K), 3 survivors (3072K)
 Metaspace       used 50670K, capacity 52222K, committed 52272K, reserved 1095680K
  class space    used 6456K, capacity 6997K, committed 7040K, reserved 1048576K
}
Event: 44.697 GC heap after
{Heap after GC invocations=64 (full 0):
 garbage-first heap   total 143360K, used 73965K [0x0000000080000000, 0x0000000100000000)
  region size 1024K, 2 young (2048K), 2 survivors (2048K)
 Metaspace       used 50670K, capacity 52222K, committed 52272K, reserved 1095680K
  class space    used 6456K, capacity 6997K, committed 7040K, reserved 1048576K
}
Event: 45.912 GC heap before
{Heap before GC invocations=64 (full 0):
 garbage-first heap   total 143360K, used 97517K [0x0000000080000000, 0x0000000100000000)
  region size 1024K, 25 young (25600K), 2 survivors (2048K)
 Metaspace       used 53829K, capacity 55449K, committed 55728K, reserved 1097728K
  class space    used 6847K, capacity 7370K, committed 7424K, reserved 1048576K
}
Event: 45.925 GC heap after
{Heap after GC invocations=65 (full 0):
 garbage-first heap   total 143360K, used 74692K [0x0000000080000000, 0x0000000100000000)
  region size 1024K, 3 young (3072K), 3 survivors (3072K)
 Metaspace       used 53829K, capacity 55449K, committed 55728K, reserved 1097728K
  class space    used 6847K, capacity 7370K, committed 7424K, reserved 1048576K
}
Event: 49.919 GC heap before
{Heap before GC invocations=66 (full 0):
 garbage-first heap   total 143360K, used 100292K [0x0000000080000000, 0x0000000100000000)
  region size 1024K, 28 young (28672K), 3 survivors (3072K)
 Metaspace       used 58008K, capacity 59617K, committed 59824K, reserved 1101824K
  class space    used 7297K, capacity 7842K, committed 7936K, reserved 1048576K
}
Event: 49.935 GC heap after
{Heap after GC invocations=67 (full 0):
 garbage-first heap   total 143360K, used 75758K [0x0000000080000000, 0x0000000100000000)
  region size 1024K, 2 young (2048K), 2 survivors (2048K)
 Metaspace       used 58008K, capacity 59617K, committed 59824K, reserved 1101824K
  class space    used 7297K, capacity 7842K, committed 7936K, reserved 1048576K
}
Event: 51.722 GC heap before
{Heap before GC invocations=67 (full 0):
 garbage-first heap   total 143360K, used 103406K [0x0000000080000000, 0x0000000100000000)
  region size 1024K, 29 young (29696K), 2 survivors (2048K)
 Metaspace       used 62031K, capacity 63704K, committed 63920K, reserved 1105920K
  class space    used 7811K, capacity 8433K, committed 8448K, reserved 1048576K
}
Event: 51.742 GC heap after
{Heap after GC invocations=68 (full 0):
 garbage-first heap   total 143360K, used 78994K [0x0000000080000000, 0x0000000100000000)
  region size 1024K, 4 young (4096K), 4 survivors (4096K)
 Metaspace       used 62031K, capacity 63704K, committed 63920K, reserved 1105920K
  class space    used 7811K, capacity 8433K, committed 8448K, reserved 1048576K
}
Event: 53.192 GC heap before
{Heap before GC invocations=69 (full 0):
 garbage-first heap   total 143360K, used 105618K [0x0000000080000000, 0x0000000100000000)
  region size 1024K, 31 young (31744K), 4 survivors (4096K)
 Metaspace       used 64400K, capacity 66269K, committed 66480K, reserved 1107968K
  class space    used 8095K, capacity 8704K, committed 8704K, reserved 1048576K
}
Event: 53.217 GC heap after
{Heap after GC invocations=70 (full 0):
 garbage-first heap   total 172032K, used 80679K [0x0000000080000000, 0x0000000100000000)
  region size 1024K, 2 young (2048K), 2 survivors (2048K)
 Metaspace       used 64400K, capacity 66269K, committed 66480K, reserved 1107968K
  class space    used 8095K, capacity 8704K, committed 8704K, reserved 1048576K
}
Event: 53.504 GC heap before
{Heap before GC invocations=70 (full 0):
 garbage-first heap   total 172032K, used 87847K [0x0000000080000000, 0x0000000100000000)
  region size 1024K, 10 young (10240K), 2 survivors (2048K)
 Metaspace       used 65106K, capacity 66918K, committed 67248K, reserved 1107968K
  class space    used 8197K, capacity 8835K, committed 8960K, reserved 1048576K
}
Event: 53.516 GC heap after
{Heap after GC invocations=71 (full 0):
 garbage-first heap   total 172032K, used 81350K [0x0000000080000000, 0x0000000100000000)
  region size 1024K, 3 young (3072K), 3 survivors (3072K)
 Metaspace       used 65106K, capacity 66918K, committed 67248K, reserved 1107968K
  class space    used 8197K, capacity 8835K, committed 8960K, reserved 1048576K
}
Event: 55.740 GC heap before
{Heap before GC invocations=72 (full 0):
 garbage-first heap   total 172032K, used 117190K [0x0000000080000000, 0x0000000100000000)
  region size 1024K, 37 young (37888K), 3 survivors (3072K)
 Metaspace       used 68088K, capacity 69803K, committed 70064K, reserved 1110016K
  class space    used 8564K, capacity 9152K, committed 9216K, reserved 1048576K
}
Event: 55.760 GC heap after
{Heap after GC invocations=73 (full 0):
 garbage-first heap   total 172032K, used 82590K [0x0000000080000000, 0x0000000100000000)
  region size 1024K, 4 young (4096K), 4 survivors (4096K)
 Metaspace       used 68088K, capacity 69803K, committed 70064K, reserved 1110016K
  class space    used 8564K, capacity 9152K, committed 9216K, reserved 1048576K
}
Event: 57.991 GC heap before
{Heap before GC invocations=73 (full 0):
 garbage-first heap   total 172032K, used 119454K [0x0000000080000000, 0x0000000100000000)
  region size 1024K, 40 young (40960K), 4 survivors (4096K)
 Metaspace       used 69944K, capacity 71853K, committed 72112K, reserved 1112064K
  class space    used 8797K, capacity 9451K, committed 9472K, reserved 1048576K
}
Event: 58.031 GC heap after
{Heap after GC invocations=74 (full 0):
 garbage-first heap   total 172032K, used 86387K [0x0000000080000000, 0x0000000100000000)
  region size 1024K, 5 young (5120K), 5 survivors (5120K)
 Metaspace       used 69944K, capacity 71853K, committed 72112K, reserved 1112064K
  class space    used 8797K, capacity 9451K, committed 9472K, reserved 1048576K
}
Event: 63.571 GC heap before
{Heap before GC invocations=75 (full 0):
 garbage-first heap   total 172032K, used 124275K [0x0000000080000000, 0x0000000100000000)
  region size 1024K, 42 young (43008K), 5 survivors (5120K)
 Metaspace       used 74245K, capacity 76119K, committed 76208K, reserved 1116160K
  class space    used 9499K, capacity 10163K, committed 10240K, reserved 1048576K
}
Event: 63.609 GC heap after
{Heap after GC invocations=76 (full 0):
 garbage-first heap   total 172032K, used 89360K [0x0000000080000000, 0x0000000100000000)
  region size 1024K, 6 young (6144K), 6 survivors (6144K)
 Metaspace       used 74245K, capacity 76119K, committed 76208K, reserved 1116160K
  class space    used 9499K, capacity 10163K, committed 10240K, reserved 1048576K
}
Event: 66.357 GC heap before
{Heap before GC invocations=76 (full 0):
 garbage-first heap   total 172032K, used 126224K [0x0000000080000000, 0x0000000100000000)
  region size 1024K, 43 young (44032K), 6 survivors (6144K)
 Metaspace       used 77857K, capacity 79805K, committed 79920K, reserved 1118208K
  class space    used 9917K, capacity 10556K, committed 10624K, reserved 1048576K
}
Event: 66.397 GC heap after
{Heap after GC invocations=77 (full 0):
 garbage-first heap   total 206848K, used 92720K [0x0000000080000000, 0x0000000100000000)
  region size 1024K, 6 young (6144K), 6 survivors (6144K)
 Metaspace       used 77857K, capacity 79805K, committed 79920K, reserved 1118208K
  class space    used 9917K, capacity 10556K, committed 10624K, reserved 1048576K
}

