# JRE version: OpenJDK Runtime Environment (11.0.10) (build 11.0.10+0-b96-7249189)
# Java VM: OpenJDK 64-Bit Server VM (11.0.10+0-b96-7249189, mixed mode, tiered, compressed oops, g1 gc, windows-amd64)
Heap:
 garbage-first heap   total 164864K, used 130519K [0x0000000080000000, 0x0000000100000000)
  region size 1024K, 10 young (10240K), 1 survivors (1024K)
 Metaspace       used 106311K, capacity 108923K, committed 109056K, reserved 1144832K
  class space    used 13319K, capacity 14214K, committed 14336K, reserved 1048576K
GC Heap History (20 events):
Event: 162.329 GC heap before
{Heap before GC invocations=103 (full 0):
 garbage-first heap   total 164864K, used 137813K [0x0000000080000000, 0x0000000100000000)
  region size 1024K, 21 young (21504K), 1 survivors (1024K)
 Metaspace       used 100277K, capacity 102845K, committed 103040K, reserved 1138688K
  class space    used 12581K, capacity 13440K, committed 13440K, reserved 1048576K
}
Event: 162.346 GC heap after
{Heap after GC invocations=104 (full 0):
 garbage-first heap   total 164864K, used 119321K [0x0000000080000000, 0x0000000100000000)
  region size 1024K, 2 young (2048K), 2 survivors (2048K)
 Metaspace       used 100277K, capacity 102845K, committed 103040K, reserved 1138688K
  class space    used 12581K, capacity 13440K, committed 13440K, reserved 1048576K
}
Event: 163.196 GC heap before
{Heap before GC invocations=105 (full 0):
 garbage-first heap   total 164864K, used 138777K [0x0000000080000000, 0x0000000100000000)
  region size 1024K, 22 young (22528K), 2 survivors (2048K)
 Metaspace       used 100279K, capacity 102845K, committed 103040K, reserved 1138688K
  class space    used 12581K, capacity 13440K, committed 13440K, reserved 1048576K
}
Event: 163.205 GC heap after
{Heap after GC invocations=106 (full 0):
 garbage-first heap   total 164864K, used 118209K [0x0000000080000000, 0x0000000100000000)
  region size 1024K, 2 young (2048K), 2 survivors (2048K)
 Metaspace       used 100279K, capacity 102845K, committed 103040K, reserved 1138688K
  class space    used 12581K, capacity 13440K, committed 13440K, reserved 1048576K
}
Event: 163.301 GC heap before
{Heap before GC invocations=106 (full 0):
 garbage-first heap   total 164864K, used 124353K [0x0000000080000000, 0x0000000100000000)
  region size 1024K, 8 young (8192K), 2 survivors (2048K)
 Metaspace       used 100279K, capacity 102845K, committed 103040K, reserved 1138688K
  class space    used 12581K, capacity 13440K, committed 13440K, reserved 1048576K
}
Event: 163.309 GC heap after
{Heap after GC invocations=107 (full 0):
 garbage-first heap   total 164864K, used 115451K [0x0000000080000000, 0x0000000100000000)
  region size 1024K, 1 young (1024K), 1 survivors (1024K)
 Metaspace       used 100279K, capacity 102845K, committed 103040K, reserved 1138688K
  class space    used 12581K, capacity 13440K, committed 13440K, reserved 1048576K
}
Event: 164.047 GC heap before
{Heap before GC invocations=107 (full 0):
 garbage-first heap   total 164864K, used 137979K [0x0000000080000000, 0x0000000100000000)
  region size 1024K, 23 young (23552K), 1 survivors (1024K)
 Metaspace       used 100282K, capacity 102847K, committed 103040K, reserved 1138688K
  class space    used 12581K, capacity 13440K, committed 13440K, reserved 1048576K
}
Event: 164.052 GC heap after
{Heap after GC invocations=108 (full 0):
 garbage-first heap   total 164864K, used 115613K [0x0000000080000000, 0x0000000100000000)
  region size 1024K, 1 young (1024K), 1 survivors (1024K)
 Metaspace       used 100282K, capacity 102847K, committed 103040K, reserved 1138688K
  class space    used 12581K, capacity 13440K, committed 13440K, reserved 1048576K
}
Event: 170.060 GC heap before
{Heap before GC invocations=109 (full 0):
 garbage-first heap   total 164864K, used 137117K [0x0000000080000000, 0x0000000100000000)
  region size 1024K, 23 young (23552K), 1 survivors (1024K)
 Metaspace       used 102466K, capacity 105055K, committed 105216K, reserved 1140736K
  class space    used 12841K, capacity 13744K, committed 13824K, reserved 1048576K
}
Event: 170.075 GC heap after
{Heap after GC invocations=110 (full 0):
 garbage-first heap   total 164864K, used 117345K [0x0000000080000000, 0x0000000100000000)
  region size 1024K, 3 young (3072K), 3 survivors (3072K)
 Metaspace       used 102466K, capacity 105055K, committed 105216K, reserved 1140736K
  class space    used 12841K, capacity 13744K, committed 13824K, reserved 1048576K
}
Event: 170.723 GC heap before
{Heap before GC invocations=110 (full 0):
 garbage-first heap   total 164864K, used 121441K [0x0000000080000000, 0x0000000100000000)
  region size 1024K, 8 young (8192K), 3 survivors (3072K)
 Metaspace       used 102740K, capacity 105343K, committed 105472K, reserved 1140736K
  class space    used 12883K, capacity 13776K, committed 13824K, reserved 1048576K
}
Event: 170.736 GC heap after
{Heap after GC invocations=111 (full 0):
 garbage-first heap   total 164864K, used 116880K [0x0000000080000000, 0x0000000100000000)
  region size 1024K, 1 young (1024K), 1 survivors (1024K)
 Metaspace       used 102740K, capacity 105343K, committed 105472K, reserved 1140736K
  class space    used 12883K, capacity 13776K, committed 13824K, reserved 1048576K
}
Event: 178.378 GC heap before
{Heap before GC invocations=111 (full 0):
 garbage-first heap   total 164864K, used 137360K [0x0000000080000000, 0x0000000100000000)
  region size 1024K, 22 young (22528K), 1 survivors (1024K)
 Metaspace       used 105887K, capacity 108552K, committed 108672K, reserved 1144832K
  class space    used 13296K, capacity 14182K, committed 14208K, reserved 1048576K
}
Event: 178.388 GC heap after
{Heap after GC invocations=112 (full 0):
 garbage-first heap   total 164864K, used 117437K [0x0000000080000000, 0x0000000100000000)
  region size 1024K, 2 young (2048K), 2 survivors (2048K)
 Metaspace       used 105887K, capacity 108552K, committed 108672K, reserved 1144832K
  class space    used 13296K, capacity 14182K, committed 14208K, reserved 1048576K
}
Event: 179.607 GC heap before
{Heap before GC invocations=113 (full 0):
 garbage-first heap   total 164864K, used 138941K [0x0000000080000000, 0x0000000100000000)
  region size 1024K, 23 young (23552K), 2 survivors (2048K)
 Metaspace       used 106000K, capacity 108631K, committed 108672K, reserved 1144832K
  class space    used 13297K, capacity 14182K, committed 14208K, reserved 1048576K
}
Event: 179.622 GC heap after
{Heap after GC invocations=114 (full 0):
 garbage-first heap   total 164864K, used 118996K [0x0000000080000000, 0x0000000100000000)
  region size 1024K, 3 young (3072K), 3 survivors (3072K)
 Metaspace       used 106000K, capacity 108631K, committed 108672K, reserved 1144832K
  class space    used 13297K, capacity 14182K, committed 14208K, reserved 1048576K
}
Event: 179.641 GC heap before
{Heap before GC invocations=114 (full 0):
 garbage-first heap   total 164864K, used 124116K [0x0000000080000000, 0x0000000100000000)
  region size 1024K, 8 young (8192K), 3 survivors (3072K)
 Metaspace       used 106000K, capacity 108631K, committed 108672K, reserved 1144832K
  class space    used 13297K, capacity 14182K, committed 14208K, reserved 1048576K
}
Event: 179.654 GC heap after
{Heap after GC invocations=115 (full 0):
 garbage-first heap   total 164864K, used 118535K [0x0000000080000000, 0x0000000100000000)
  region size 1024K, 1 young (1024K), 1 survivors (1024K)
 Metaspace       used 106000K, capacity 108631K, committed 108672K, reserved 1144832K
  class space    used 13297K, capacity 14182K, committed 14208K, reserved 1048576K
}
Event: 179.847 GC heap before
{Heap before GC invocations=115 (full 0):
 garbage-first heap   total 164864K, used 139015K [0x0000000080000000, 0x0000000100000000)
  region size 1024K, 21 young (21504K), 1 survivors (1024K)
 Metaspace       used 106000K, capacity 108631K, committed 108672K, reserved 1144832K
  class space    used 13297K, capacity 14182K, committed 14208K, reserved 1048576K
}
Event: 179.854 GC heap after
{Heap after GC invocations=116 (full 0):
 garbage-first heap   total 164864K, used 118609K [0x0000000080000000, 0x0000000100000000)
  region size 1024K, 1 young (1024K), 1 survivors (1024K)
 Metaspace       used 106000K, capacity 108631K, committed 108672K, reserved 1144832K
  class space    used 13297K, capacity 14182K, committed 14208K, reserved 1048576K
}

